[2022-11-20T16:18:03+08:00][sql] CONNECT:[ UseTime:0.000539s ] mysql:host=127.0.0.1;port=3306;dbname=gougucms;charset=utf8mb4
[2022-11-20T16:18:03+08:00][sql] SHOW FULL COLUMNS FROM `cms_nav` [ RunTime:0.001031s ]
[2022-11-20T16:18:03+08:00][sql] SELECT `id` FROM `cms_nav` WHERE  `name` = 'NAV_HOME'  AND `status` = 1 LIMIT 1 [ RunTime:0.000360s ]
[2022-11-20T16:18:03+08:00][sql] SHOW FULL COLUMNS FROM `cms_nav_info` [ RunTime:0.000874s ]
[2022-11-20T16:18:03+08:00][sql] SELECT * FROM `cms_nav_info` WHERE  `nav_id` = 1  AND `status` = 1 ORDER BY `sort` ASC [ RunTime:0.000367s ]
[2022-11-20T16:18:03+08:00][sql] SHOW FULL COLUMNS FROM `cms_user_log` [ RunTime:0.001390s ]
[2022-11-20T16:18:03+08:00][sql] INSERT INTO `cms_user_log` SET `uid` = 0 , `nickname` = '游客' , `type` = 'view' , `title` = '查看' , `content` = '游客在2022-11-20 16:18:03查看了首页' , `param_id` = 0 , `param` = '[]' , `module` = 'home' , `controller` = 'index' , `function` = 'index' , `ip` = '127.0.0.1' , `create_time` = 1668932283 [ RunTime:0.237255s ]
[2022-11-20T16:18:03+08:00][sql] SELECT COUNT(*) AS think_count FROM `cms_user_log` WHERE  `type` = 'down' LIMIT 1 [ RunTime:0.000511s ]
[2022-11-20T17:19:25+08:00][sql] CONNECT:[ UseTime:0.000558s ] mysql:host=127.0.0.1;port=3306;dbname=gougucms;charset=utf8mb4
[2022-11-20T17:19:25+08:00][sql] SHOW FULL COLUMNS FROM `cms_nav` [ RunTime:0.000989s ]
[2022-11-20T17:19:25+08:00][sql] SELECT `id` FROM `cms_nav` WHERE  `name` = 'NAV_HOME'  AND `status` = 1 LIMIT 1 [ RunTime:0.000298s ]
[2022-11-20T17:19:25+08:00][sql] SHOW FULL COLUMNS FROM `cms_nav_info` [ RunTime:0.000925s ]
[2022-11-20T17:19:25+08:00][sql] SELECT * FROM `cms_nav_info` WHERE  `nav_id` = 1  AND `status` = 1 ORDER BY `sort` ASC [ RunTime:0.000421s ]
[2022-11-20T17:19:25+08:00][sql] SHOW FULL COLUMNS FROM `cms_pages` [ RunTime:0.001011s ]
[2022-11-20T17:19:25+08:00][sql] SELECT * FROM `cms_pages` WHERE  `id` = 3 LIMIT 1 [ RunTime:0.000329s ]
[2022-11-20T17:19:25+08:00][sql] SHOW FULL COLUMNS FROM `cms_pages_keywords` [ RunTime:0.001059s ]
[2022-11-20T17:19:25+08:00][sql] SELECT `i`.`aid`,`i`.`keywords_id`,`k`.`title` FROM `cms_pages_keywords` `i` LEFT JOIN `cms_keywords` `k` ON `k`.`id`=`i`.`keywords_id` WHERE  `i`.`aid` = '3'  AND `k`.`status` = '1' ORDER BY `i`.`create_time` ASC [ RunTime:0.000501s ]
[2022-11-20T17:19:25+08:00][sql] UPDATE `cms_pages`  SET `read` = `read` + 1  WHERE  `id` = 3 [ RunTime:0.001742s ]
[2022-11-20T17:19:29+08:00][sql] CONNECT:[ UseTime:0.000879s ] mysql:host=127.0.0.1;port=3306;dbname=gougucms;charset=utf8mb4
[2022-11-20T17:19:29+08:00][sql] SHOW FULL COLUMNS FROM `cms_pages` [ RunTime:0.001462s ]
[2022-11-20T17:19:29+08:00][sql] SELECT * FROM `cms_pages` WHERE  `id` = 2 LIMIT 1 [ RunTime:0.000606s ]
[2022-11-20T17:19:29+08:00][sql] SHOW FULL COLUMNS FROM `cms_pages_keywords` [ RunTime:0.001049s ]
[2022-11-20T17:19:29+08:00][sql] SELECT `i`.`aid`,`i`.`keywords_id`,`k`.`title` FROM `cms_pages_keywords` `i` LEFT JOIN `cms_keywords` `k` ON `k`.`id`=`i`.`keywords_id` WHERE  `i`.`aid` = '2'  AND `k`.`status` = '1' ORDER BY `i`.`create_time` ASC [ RunTime:0.000701s ]
[2022-11-20T17:19:29+08:00][sql] UPDATE `cms_pages`  SET `read` = `read` + 1  WHERE  `id` = 2 [ RunTime:0.001979s ]
